<?xml version="1.0" encoding="UTF-8"?>
<testng-results ignored="0" total="1" passed="0" failed="1" skipped="0">
  <reporter-output>
    <line>
      <![CDATA[==server connected successfully==]]>
    </line>
    <line>
      <![CDATA[==database connected successfully]]>
    </line>
    <line>
      <![CDATA[==launching chrome browser==]]>
    </line>
    <line>
      <![CDATA[Screenshot taken sucessfulyy]]>
    </line>
    <line>
      <![CDATA[==browser closed successfully==]]>
    </line>
    <line>
      <![CDATA[==database closed successfully]]>
    </line>
    <line>
      <![CDATA[==server close successfully==]]>
    </line>
  </reporter-output>
  <suite started-at="2025-04-05T06:40:08Z" name="Default suite" finished-at="2025-04-05T06:40:18Z" duration-ms="9896">
    <groups>
      <group name="RT">
        <method signature="LoginTest.login()[pri:0, instance:com.Ecommerce.TestScripts.LoginTest@4f49f6af]" name="login" class="com.Ecommerce.TestScripts.LoginTest"/>
      </group> <!-- RT -->
    </groups>
    <test started-at="2025-04-05T06:40:08Z" name="Default test" finished-at="2025-04-05T06:40:18Z" duration-ms="9896">
      <class name="com.Ecommerce.TestScripts.LoginTest">
        <test-method is-config="true" signature="toConnectServer()[pri:0, instance:com.Ecommerce.TestScripts.LoginTest@4f49f6af]" started-at="2025-04-05T06:40:08Z" name="toConnectServer" finished-at="2025-04-05T06:40:08Z" duration-ms="8" status="PASS">
          <reporter-output>
            <line>
              <![CDATA[==server connected successfully==]]>
            </line>
          </reporter-output>
        </test-method> <!-- toConnectServer -->
        <test-method is-config="true" signature="toConnectDatabase()[pri:0, instance:com.Ecommerce.TestScripts.LoginTest@4f49f6af]" started-at="2025-04-05T06:40:08Z" name="toConnectDatabase" finished-at="2025-04-05T06:40:08Z" duration-ms="0" status="PASS">
          <reporter-output>
            <line>
              <![CDATA[==database connected successfully]]>
            </line>
          </reporter-output>
        </test-method> <!-- toConnectDatabase -->
        <test-method is-config="true" signature="setUp(java.lang.String)[pri:0, instance:com.Ecommerce.TestScripts.LoginTest@4f49f6af]" started-at="2025-04-05T06:40:08Z" name="setUp" finished-at="2025-04-05T06:40:16Z" duration-ms="7517" status="PASS">
          <params>
            <param index="0">
              <value>
                <![CDATA[chrome]]>
              </value>
            </param>
          </params>
          <reporter-output>
            <line>
              <![CDATA[==launching chrome browser==]]>
            </line>
          </reporter-output>
        </test-method> <!-- setUp -->
        <test-method signature="login()[pri:0, instance:com.Ecommerce.TestScripts.LoginTest@4f49f6af]" started-at="2025-04-05T06:40:16Z" name="login" finished-at="2025-04-05T06:40:18Z" duration-ms="2033" status="FAIL">
          <exception class="java.lang.AssertionError">
            <message>
              <![CDATA[login page is displayed expected [Demo Web Shop. Logi] but found [Demo Web Shop. Login]]]>
            </message>
            <full-stacktrace>
              <![CDATA[java.lang.AssertionError: login page is displayed expected [Demo Web Shop. Logi] but found [Demo Web Shop. Login]
at org.testng.Assert.fail(Assert.java:96)
at org.testng.Assert.failNotEquals(Assert.java:776)
at org.testng.Assert.assertEqualsImpl(Assert.java:137)
at org.testng.Assert.assertEquals(Assert.java:118)
at org.testng.Assert.assertEquals(Assert.java:453)
at com.Ecommerce.TestScripts.LoginTest.login(LoginTest.java:32)
at java.base/jdk.internal.reflect.DirectMethodHandleAccessor.invoke(DirectMethodHandleAccessor.java:103)
at java.base/java.lang.reflect.Method.invoke(Method.java:580)
at org.testng.internal.MethodInvocationHelper.invokeMethod(MethodInvocationHelper.java:124)
at org.testng.internal.Invoker.invokeMethod(Invoker.java:583)
at org.testng.internal.Invoker.invokeTestMethod(Invoker.java:719)
at org.testng.internal.Invoker.invokeTestMethods(Invoker.java:989)
at org.testng.internal.TestMethodWorker.invokeTestMethods(TestMethodWorker.java:125)
at org.testng.internal.TestMethodWorker.run(TestMethodWorker.java:109)
at org.testng.TestRunner.privateRun(TestRunner.java:648)
at org.testng.TestRunner.run(TestRunner.java:505)
at org.testng.SuiteRunner.runTest(SuiteRunner.java:455)
at org.testng.SuiteRunner.runSequentially(SuiteRunner.java:450)
at org.testng.SuiteRunner.privateRun(SuiteRunner.java:415)
at org.testng.SuiteRunner.run(SuiteRunner.java:364)
at org.testng.SuiteRunnerWorker.runSuite(SuiteRunnerWorker.java:52)
at org.testng.SuiteRunnerWorker.run(SuiteRunnerWorker.java:84)
at org.testng.TestNG.runSuitesSequentially(TestNG.java:1208)
at org.testng.TestNG.runSuitesLocally(TestNG.java:1137)
at org.testng.TestNG.runSuites(TestNG.java:1049)
at org.testng.TestNG.run(TestNG.java:1017)
at org.testng.remote.AbstractRemoteTestNG.run(AbstractRemoteTestNG.java:115)
at org.testng.remote.RemoteTestNG.initAndRun(RemoteTestNG.java:293)
at org.testng.remote.RemoteTestNG.main(RemoteTestNG.java:91)
]]>
            </full-stacktrace>
          </exception> <!-- java.lang.AssertionError -->
          <reporter-output>
            <line>
              <![CDATA[Screenshot taken sucessfulyy]]>
            </line>
          </reporter-output>
        </test-method> <!-- login -->
        <test-method is-config="true" signature="tearDown()[pri:0, instance:com.Ecommerce.TestScripts.LoginTest@4f49f6af]" started-at="2025-04-05T06:40:18Z" name="tearDown" finished-at="2025-04-05T06:40:18Z" duration-ms="201" status="PASS">
          <reporter-output>
            <line>
              <![CDATA[==browser closed successfully==]]>
            </line>
          </reporter-output>
        </test-method> <!-- tearDown -->
        <test-method is-config="true" signature="toCloseDatabase()[pri:0, instance:com.Ecommerce.TestScripts.LoginTest@4f49f6af]" started-at="2025-04-05T06:40:18Z" name="toCloseDatabase" finished-at="2025-04-05T06:40:18Z" duration-ms="0" status="PASS">
          <reporter-output>
            <line>
              <![CDATA[==database closed successfully]]>
            </line>
          </reporter-output>
        </test-method> <!-- toCloseDatabase -->
        <test-method is-config="true" signature="toCloseServer()[pri:0, instance:com.Ecommerce.TestScripts.LoginTest@4f49f6af]" started-at="2025-04-05T06:40:18Z" name="toCloseServer" finished-at="2025-04-05T06:40:18Z" duration-ms="0" status="PASS">
          <reporter-output>
            <line>
              <![CDATA[==server close successfully==]]>
            </line>
          </reporter-output>
        </test-method> <!-- toCloseServer -->
      </class> <!-- com.Ecommerce.TestScripts.LoginTest -->
    </test> <!-- Default test -->
  </suite> <!-- Default suite -->
</testng-results>
